warning: unused import: `crate::actions::delete::DeleteToEndOfLine`
 --> crates/edtui/src/events/key.rs:2:5
  |
2 | use crate::actions::delete::DeleteToEndOfLine;
  |     ^^^^^^^^^^^^^^^^^^^^^^^^^^^^^^^^^^^^^^^^^
  |
  = note: `#[warn(unused_imports)]` on by default

warning: unused imports: `AppendNewline`, `Append`, `ChangeInnerBetween`, `ChangeInnerWord`, `ChangeSelection`, `Composed`, `DeleteChar`, `DeleteLine`, `DeleteSelection`, `InsertNewline`, `JoinLineWithLineBelow`, `LineBreak`, `Redo`, `RemoveChar`, and `Undo`
  --> crates/edtui/src/events/key.rs:6:13
   |
6  |     Action, Append, AppendCharToSearch, AppendNewline, ChangeInnerBetween, ChangeInnerWord,
   |             ^^^^^^                      ^^^^^^^^^^^^^  ^^^^^^^^^^^^^^^^^^  ^^^^^^^^^^^^^^^
7  |     ChangeSelection, Composed, CopyLine, CopySelection, DeleteChar, DeleteLine, DeleteSelection,
   |     ^^^^^^^^^^^^^^^  ^^^^^^^^                           ^^^^^^^^^^  ^^^^^^^^^^  ^^^^^^^^^^^^^^^
8  |     Execute, FindNext, FindPrevious, InsertChar, InsertNewline, JoinLineWithLineBelow, LineBreak,
   |                                                  ^^^^^^^^^^^^^  ^^^^^^^^^^^^^^^^^^^^^  ^^^^^^^^^
...
11 |     MoveWordForward, MoveWordForwardToEndOfWord, Paste, Redo, RemoveChar, RemoveCharFromSearch, SelectInnerBetween,
   |                                                         ^^^^  ^^^^^^^^^^
12 |     SelectInnerWord, SelectLine, StopSearch, SwitchMode, TriggerSearch, Undo,
   |                                                                         ^^^^

warning: `edtui` (lib) generated 2 warnings (run `cargo fix --lib -p edtui` to apply 2 suggestions)
warning: fields `last_g_press` and `search_query` are never read
  --> src/main.rs:78:5
   |
61 | struct App {
   |        --- fields in this struct
...
78 |     last_g_press: Option<std::time::Instant>,
   |     ^^^^^^^^^^^^
...
82 |     search_query: String,
   |     ^^^^^^^^^^^^
   |
   = note: `#[warn(dead_code)]` on by default

warning: field `command_input` is never read
  --> src/rich_editor.rs:21:9
   |
11 | pub struct RichEditor {
   |            ---------- field in this struct
...
21 |     pub command_input: String,
   |         ^^^^^^^^^^^^^

warning: methods `set_text_content`, `get_text_content`, `render`, and `set_clipboard` are never used
  --> src/rich_editor.rs:42:12
   |
30 | impl RichEditor {
   | --------------- methods in this implementation
...
42 |     pub fn set_text_content(&mut self, content: &str) {
   |            ^^^^^^^^^^^^^^^^
...
53 |     pub fn get_text_content(&self) -> String {
   |            ^^^^^^^^^^^^^^^^
...
70 |     pub fn render(&mut self, area: Rect, buf: &mut Buffer) {
   |            ^^^^^^
...
84 |     pub fn set_clipboard(&mut self, clipboard: impl edtui::clipboard::ClipboardTrait + 'static) {
   |            ^^^^^^^^^^^^^

warning: `tui` (bin "tui") generated 3 warnings
    Finished `dev` profile [unoptimized + debuginfo] target(s) in 0.07s
warning: the following packages contain code that will be rejected by a future version of Rust: wl-clipboard-rs v0.7.0
note: to see what the problems were, use the option `--future-incompat-report`, or run `cargo report future-incompatibilities --id 1`
     Running `target/debug/tui`
[?1049h[1;1H[1m[38;5;6;49m_[38;5;4;49m_[38;5;5;49m [38;5;1;49m [38;5;6;49m [38;5;4;49m [38;5;5;49m [38;5;1;49m_[38;5;6;49m_[38;5;4;49m_[22m[38;5;15;49m                                                                                                                                                                   [2;1H                                                                                                                                                                             [3;1H                                                                                                                                                                             [4;1H                                                                                                                                                                             [37;2H[38;5;4;49m~/rust/tui[38;5;8;49m (master)*)[37;73H[38;5;1;49mno sandbox [38;5;8;49m(see /docs)[37;145H[38;5;5;49mNite-2.5 [38;5;8;49m(100% context left)[39m[49m[59m[0m[?25l[1;11H[1m[38;5;5;49m_[38;5;1;49m_[38;5;6;49m_[38;5;4;49m_[38;5;5;49m_[38;5;1;49m_[38;5;6;49m [38;5;4;49m [38;5;5;49m_[38;5;1;49m_[39m[49m[59m[0m[?25l[1;21H[1m[38;5;6;49m [38;5;4;49m [38;5;5;49m [38;5;1;49m_[38;5;6;49m_[38;5;4;49m_[38;5;5;49m_[38;5;1;49m [38;5;6;49m [38;5;4;49m_[39m[49m[59m[0m[?25l[1;31H[1m[38;5;5;49m_[38;5;1;49m_[38;5;6;49m_[38;5;4;49m_[38;5;5;49m_[38;5;1;49m_[38;5;6;49m_[38;5;4;49m_[38;5;5;49m_[38;5;1;49m_[39m[49m[59m[0m[?25l[1;41H[1m[38;5;6;49m [38;5;4;49m [38;5;5;49m [38;5;1;49m_[38;5;6;49m_[38;5;4;49m [38;5;5;49m [38;5;1;49m [38;5;6;49m [38;5;4;49m [39m[49m[59m[0m[?25l[1;51H[1m[38;5;5;49m_[38;5;1;49m_[38;5;6;49m_[38;5;4;49m_[38;5;5;49m_[38;5;1;49m_[38;5;6;49m_[38;5;4;49m_[38;5;5;49m_[38;5;1;49m [39m[49m[59m[0m[?25l[1;61H[1m[38;5;6;49m [38;5;4;49m_[38;5;5;49m_[38;5;1;49m_[38;5;6;49m [38;5;4;49m [38;5;5;49m_[38;5;1;49m_[38;5;6;49m_[38;5;4;49m_[39m[49m[59m[0m[?25l[2;1H[1m[38;5;6;49m\[38;5;4;49m [38;5;5;49m\[38;5;1;49m [38;5;6;49m [38;5;4;49m [38;5;5;49m/[38;5;1;49m [38;5;6;49m_[38;5;4;49m_[39m[49m[59m[0m[?25l[2;11H[1m[38;5;5;49m_[38;5;1;49m/[38;5;6;49m [38;5;4;49m_[38;5;5;49m_[38;5;1;49m [38;5;6;49m\[38;5;4;49m/[38;5;5;49m [38;5;1;49m/[39m[49m[59m[0m[?25l[2;21H[1m[38;5;6;49m [38;5;4;49m [38;5;5;49m/[38;5;1;49m [38;5;6;49m_[38;5;4;49m_[38;5;5;49m [38;5;1;49m\[38;5;6;49m/[38;5;4;49m [39m[49m[59m[0m[?25l[2;31H[1m[38;5;5;49m_[38;5;1;49m_[38;5;6;49m/[38;5;4;49m [38;5;5;49m_[38;5;1;49m_[38;5;6;49m/[38;5;4;49m [38;5;5;49m_[38;5;1;49m [39m[49m[59m[0m[?25l[2;41H[1m[38;5;6;49m|[38;5;4;49m [38;5;5;49m/[38;5;1;49m [38;5;6;49m/[38;5;4;49m [38;5;5;49m [38;5;1;49m [38;5;6;49m [38;5;4;49m/[39m[49m[59m[0m[?25l[2;51H[1m[38;5;5;49m [38;5;1;49m_[38;5;6;49m_[38;5;4;49m_[38;5;5;49m/[38;5;1;49m [38;5;6;49m_[38;5;4;49m_[38;5;5;49m [38;5;1;49m\[39m[49m[59m[0m[?25l[2;61H[1m[38;5;6;49m/[38;5;4;49m [38;5;5;49m_[38;5;1;49m [38;5;6;49m\[38;5;4;49m/[38;5;5;49m [38;5;1;49m_[38;5;6;49m_[38;5;4;49m/[39m[49m[59m[0m[?25l[3;1H[1m[38;5;6;49m [38;5;4;49m>[38;5;5;49m [38;5;1;49m>[38;5;6;49m [38;5;4;49m/[38;5;5;49m [38;5;1;49m/[38;5;6;49m_[38;5;4;49m_[39m[49m[59m[0m[?25l[3;11H[1m[38;5;5;49m/[38;5;1;49m [38;5;6;49m/[38;5;4;49m_[38;5;5;49m/[38;5;1;49m [38;5;6;49m/[38;5;4;49m [38;5;5;49m/[38;5;1;49m_[39m[49m[59m[0m[?25l[3;21H[1m[38;5;6;49m_[38;5;4;49m/[38;5;5;49m [38;5;1;49m/[38;5;6;49m_[38;5;4;49m/[38;5;5;49m [38;5;1;49m/[38;5;6;49m\[38;5;4;49m [39m[49m[59m[0m[?25l[3;31H[1m[38;5;5;49m\[38;5;1;49m_[38;5;6;49m\[38;5;4;49m [38;5;5;49m\[38;5;1;49m/[38;5;6;49m [38;5;4;49m_[38;5;5;49m_[38;5;1;49m [39m[49m[59m[0m[?25l[3;41H[1m[38;5;6;49m|[38;5;4;49m/[38;5;5;49m [38;5;1;49m/[38;5;6;49m_[38;5;4;49m_[38;5;5;49m [38;5;1;49m [38;5;6;49m/[38;5;4;49m [39m[49m[59m[0m[?25l[3;51H[1m[38;5;5;49m/[38;5;1;49m_[38;5;6;49m_[38;5;4;49m/[38;5;5;49m [38;5;1;49m/[38;5;6;49m_[38;5;4;49m/[38;5;5;49m [38;5;1;49m/[39m[49m[59m[0m[?25l[3;61H[1m[38;5;6;49m [38;5;4;49m/[38;5;5;49m/[38;5;1;49m [38;5;6;49m/[38;5;4;49m [38;5;5;49m_[38;5;1;49m/[38;5;6;49m [38;5;4;49m [39m[49m[59m[0m[?25l[4;1H[1m[38;5;6;49m/[38;5;4;49m_[38;5;5;49m/[38;5;1;49m [38;5;6;49m [38;5;4;49m\[38;5;5;49m_[38;5;1;49m_[38;5;6;49m_[38;5;4;49m/[39m[49m[59m[0m[?25l[4;11H[1m[38;5;5;49m\[38;5;1;49m_[38;5;6;49m_[38;5;4;49m_[38;5;5;49m_[38;5;1;49m/[38;5;6;49m_[38;5;4;49m_[38;5;5;49m_[38;5;1;49m_[39m[49m[59m[0m[?25l[4;21H[1m[38;5;6;49m/[38;5;4;49m\[38;5;5;49m_[38;5;1;49m_[38;5;6;49m_[38;5;4;49m_[38;5;5;49m/[38;5;1;49m_[38;5;6;49m_[38;5;4;49m_[39m[49m[59m[0m[?25l[4;31H[1m[38;5;5;49m/[38;5;1;49m_[38;5;6;49m_[38;5;4;49m_[38;5;5;49m/[38;5;1;49m_[38;5;6;49m/[38;5;4;49m [38;5;5;49m|[38;5;1;49m_[39m[49m[59m[0m[?25l[4;41H[1m[38;5;6;49m/[38;5;4;49m_[38;5;5;49m_[38;5;1;49m_[38;5;6;49m_[38;5;4;49m/[38;5;5;49m [38;5;1;49m [38;5;6;49m\[38;5;4;49m_[39m[49m[59m[0m[?25l[4;51H[1m[38;5;5;49m_[38;5;1;49m_[38;5;6;49m/[38;5;4;49m\[38;5;5;49m_[38;5;1;49m_[38;5;6;49m_[38;5;4;49m_[38;5;5;49m/[38;5;1;49m_[39m[49m[59m[0m[?25l[4;61H[1m[38;5;6;49m_[38;5;4;49m_[38;5;5;49m_[38;5;1;49m/[38;5;6;49m_[38;5;4;49m_[38;5;5;49m_[38;5;1;49m/[38;5;6;49m [38;5;4;49m [5;1H[22m[38;5;7;49m                                                                                                                                                                             [6;1H                                                                                                                                                                             [7;1H                                                                                                                                                                             [8;1H                                                                                                                                                                             [9;1H                                                                                                                                                                             [39m[49m[59m[0m[?25l[5;2H[38;5;7;49mTips[5;7Hfor[5;11Hgetting[5;19Hstarted:[39m[49m[59m[0m[?25l[6;2H[38;5;7;49m1.[6;5HBe[6;8Hspecific[6;17Hfor[6;21Hthe[6;25Hbest[6;30Hresults.[39m[49m[59m[0m[?25l[7;2H[38;5;7;49m2.[7;5HEdit[7;10H[38;5;5;49m.niterules[7;21H[38;5;7;49mfile[7;26Hto[7;29Hcustomize[7;39Hyour[7;44Hinteractions[7;57Hwith[7;62Hthe[7;66Hagent.[39m[49m[59m[0m[?25l[8;2H[38;5;7;49m3.[8;5H[38;5;5;49m/help[8;11H[38;5;7;49mfor[8;15Hmore[8;20Hinformation.[39m[49m[59m[0m[?25l[9;2H[38;5;7;49m4.[9;5HPress[9;11H[38;5;3;49mAlt+n[9;17H[38;5;7;49mto[9;20Henter[9;26Hnavigation[9;37Hmode[9;42H(vim-style[9;53Hhjkl,[9;59Hgg,[9;63HG).[39m[49m[59m[0m[?25l[5;1H Tips for getting started:                                                                                                                                                   [6;1H 1. Be specific for the best results.                                                                                                                                        [7;1H 2. Edit [7;20H file to customize your interactions with the agent.                                                                                                      [8;1H 3. [8;10H for more information.                                                                                                                                              [9;1H 4. Press [9;16H to enter navigation mode (vim-style hjkl, gg, G).                                                                                                            [34;1H[38;5;4;49m╭───────────────────────────────────────────────────────────────────────────────────────────────────────────────────────────────────────────────────────────────────────────╮[35;1H│[35;3H[38;5;5;49m>[35;5H[38;5;8;49mType your message or @/ to give suggestions for what tools to use.[35;173H[38;5;4;49m│[36;1H╰───────────────────────────────────────────────────────────────────────────────────────────────────────────────────────────────────────────────────────────────────────────╯[39m[49m[59m[0m[?25h[35;5H[39m[49m[59m[0m[?25h[35;5H[9;1H[38;5;0;48;5;3m [34;1H[38;5;3;49m╭───────────────────────────────────────────────────────────────────────────────────────────────────────────────────────────────────────────────────────────────────────────╮[35;1H│ > NAV MODE - hjkl: move, gg: top, G: bottom, /: search, n/N: next/prev, v: visual, q: exit nav[35;173H│[36;1H╰───────────────────────────────────────────────────────────────────────────────────────────────────────────────────────────────────────────────────────────────────────────╯[37;67HNAV MODE - Cursor: (0, 0) [38;5;8;49mScroll: 0[39m[49m[59m[0m[?25l[37;90H[38;5;3;49m4[39m[49m[59m[0m[?25l[39m[49m[59m[0m[?25l[39m[49m[59m[0m[?25l[39m[49m[59m[0m[?25l[9;2H[38;5;0;48;5;3m4. Press Alt+n to enter navigation mode (vim-style hjkl, gg, G).[34;1H[38;5;5;49m╭───────────────────────────────────────────────────────────────────────────────────────────────────────────────────────────────────────────────────────────────────────────╮[35;1H│ > VISUAL MODE - hjkl: move, y: yank, d: delete, ESC: back to nav[39;49m                              [35;173H[38;5;5;49m│[36;1H╰───────────────────────────────────────────────────────────────────────────────────────────────────────────────────────────────────────────────────────────────────────────╯[37;65HVISUAL MODE - Cursor: (0, 4) [38;5;8;49mScro[37;99Hl: 0[39m[49m[59m[0m[?25l[39m[49m[59m[0m[?25l[39m[49m[59m[0m[?25l[39m[49m[59m[0m[?25l[39m[49m[59m[0m[?25l[39m[49m[59m[0m[?25l[39m[49m[59m[0m[?25l[9;2H4. Press [38;5;3;49mAlt+n[39;49m to enter navigation mode (vim-style hjkl, gg, G).[34;1H[38;5;3;49m╭───────────────────────────────────────────────────────────────────────────────────────────────────────────────────────────────────────────────────────────────────────────╮[35;1H│ > NAV MODE - hjkl: move, gg: top, G: bottom, /: search, n/N: next/prev, v: visual, q: exit nav[35;173H│[36;1H╰───────────────────────────────────────────────────────────────────────────────────────────────────────────────────────────────────────────────────────────────────────────╯[37;65H[39;49m  [38;5;3;49mNAV MODE - Cursor: (0, 4) [38;5;8;49mScrol[37;99H: 0[39;49m [39m[49m[59m[0m[?25l[39m[49m[59m[0m[?25l[39m[49m[59m[0m[?25l[34;1H[38;5;5;49m╭───────────────────────────────────────────────────────────────────────────────────────────────────────────────────────────────────────────────────────────────────────────╮[35;1H│ > VISUAL MODE - hjkl: move, y: yank, d: delete, ESC: back to nav[39;49m                              [35;173H[38;5;5;49m│[36;1H╰───────────────────────────────────────────────────────────────────────────────────────────────────────────────────────────────────────────────────────────────────────────╯[37;65HVISUAL MODE - Cursor: (0, 4) [38;5;8;49mScro[37;99Hl: 0[39m[49m[59m[0m[?25l[39m[49m[59m[0m[?25l[39m[49m[59m[0m[?25l[9;2H[38;5;0;48;5;3m4[37;88H[38;5;5;49m1[39m[49m[59m[0m[?25l[39m[49m[59m[0m[?25l[39m[49m[59m[0m[?25l[39m[49m[59m[0m[?25l[9;3H[38;5;0;48;5;3m. Press Alt+n to enter navigation mode (vim-style hjkl, gg, G).[39m[49m[59m[0m[?25l[39m[49m[59m[0m[?25l[39m[49m[59m[0m[?25l[39m[49m[59m[0m[?25l[9;1H [9;3H. Press [38;5;3;49mAlt+n[39;49m to enter navigation mode (vim-style hjkl, gg, G).[34;1H[38;5;3;49m╭───────────────────────────────────────────────────────────────────────────────────────────────────────────────────────────────────────────────────────────────────────────╮[35;1H│ > NAV MODE - hjkl: move, gg: top, G: bottom, /: search, n/N: next/prev, v: visual, q: exit nav[35;173H│[36;1H╰───────────────────────────────────────────────────────────────────────────────────────────────────────────────────────────────────────────────────────────────────────────╯[37;65H[39;49m  [38;5;3;49mNAV MODE - Cursor: (1, 4) [38;5;8;49mScrol[37;99H: 0[39;49m [39m[49m[59m[0m[?25l[39m[49m[59m[0m[?25l[39m[49m[59m[0m[?25l[39m[49m[59m[0m[?25l[9;2H4[34;1H[38;5;4;49m╭───────────────────────────────────────────────────────────────────────────────────────────────────────────────────────────────────────────────────────────────────────────╮[35;1H│[39;49m [38;5;5;49m>[39;49m [38;5;8;49mType your message or @/ to give suggestions for what tools to use.[39;49m                          [35;173H[38;5;4;49m│[36;1H╰───────────────────────────────────────────────────────────────────────────────────────────────────────────────────────────────────────────────────────────────────────────╯[37;67H[39;49m      [38;5;1;49mno sandbox [38;5;8;49m(see /docs)[39;49m       [39m[49m[59m[0m[?25h[35;5H[39m[49m[59m[0m[?25h[35;5H[39m[49m[59m[0m[?25h[35;5H[39m[49m[59m[0m[?25h[35;5H[39m[49m[59m[0m[?25h[35;5H[39m[49m[59m[0m[?25h[35;5H[39m[49m[59m[0m[?25h[35;5H[39m[49m[59m[0m[?25h[35;5H[39m[49m[59m[0m[?25h[35;5H[39m[49m[59m[0m[?25h[35;5H[39m[49m[59m[0m[?25h[35;5H[39m[49m[59m[0m[?25h[35;5H[39m[49m[59m[0m[?25h[35;5H[39m[49m[59m[0m[?25h[35;5H[39m[49m[59m[0m[?25h[35;5H[39m[49m[59m[0m[?25h[35;5H[39m[49m[59m[0m[?25h[35;5H[39m[49m[59m[0m[?25h[35;5H[39m[49m[59m[0m[?25h[35;5H[39m[49m[59m[0m[?25h[35;5H[39m[49m[59m[0m[?25h[35;5H[39m[49m[59m[0m[?25h[35;5H[39m[49m[59m[0m[?25h[35;5H[39m[49m[59m[0m[?25h[35;5H[39m[49m[59m[0m[?25h[35;5H[39m[49m[59m[0m[?25h[35;5H[39m[49m[59m[0m[?25h[35;5H[39m[49m[59m[0m[?25h[35;5H[39m[49m[59m[0m[?25h[35;5H[39m[49m[59m[0m[?25h[35;5H[39m[49m[59m[0m[?25h[35;5H[39m[49m[59m[0m[?25h[35;5H[?1049l